C51 COMPILER V9.01   MAIN                                                                  03/15/2019 13:35:34 PAGE 1   


C51 COMPILER V9.01, COMPILATION OF MODULE MAIN
OBJECT MODULE PLACED IN main.OBJ
COMPILER INVOKED BY: E:\keil C51\C51\BIN\C51.EXE main.c BROWSE DEBUG OBJECTEXTEND

line level    source

   1          /*********************************************************************
   2                                                  抢答器使用说明
   3                  【功能介绍】：
   4                          1. 本抢答器具有多种功能
   5                          2. 模式1：基本倒计时抢答模式，主持人按下开始按钮后，选手开始抢答
   6                          3. 模式2：答题时间倒计时模式，主持人按下开始按钮后，选手开始作答
   7                          4. 模式3：查看选手得分
   8                          5. 模式4：设置抢答时间和答题时间
   9          
  10          
  11                  【按键说明】：
  12                          
  13                          [S5]:切换模式按钮
  14                          
  15                          {模式 1}：
  16                                  [S2]:开启定时器
  17                                  [S3]:暂停定时器
  18                          
  19                          {模式 2}：
  20                                  [S2]:开启定时器
  21                                  [S3]:回答错误
  22                                  [S4]:回答正确（注意：按一次加分一次，请勿多次按下）
  23                          {模式 3}：
  24                                  无效
  25                          {模式 4}：
  26                                  [S2]：增加时间
  27                                  [S3]: 减少时间
  28                                  [S4]: 切换所设置的时间                                            
  29          **********************************************************************/
  30          
  31          /*
  32          **********************************************************************
  33          *                         头文件包含
  34          **********************************************************************
  35          */
  36          #include "lcd1602.h"
  37          #include "timer.h"
  38          #include "keyScan.h"
  39          
  40          
  41          /*
  42          **********************************************************************
  43          *                         本地宏定义
  44          **********************************************************************
  45          */
  46          
  47          
  48          /*
  49          **********************************************************************
  50          *                         本地全局变量
  51          **********************************************************************
  52          */
  53          
  54          char str_time[5] = "00.00";                     //时间字符串
  55          char int_str[]="0123456789";            //数字转字符串
C51 COMPILER V9.01   MAIN                                                                  03/15/2019 13:35:34 PAGE 2   

  56          int score[8]={10,10,10,10,10,10,10,10};         //成绩数组
  57          int key = 0;                                            //哪个按键被按下
  58          int hot_key     = 0;                                    //哪个热键被按下
  59          u8 hot_key_temp;                                        //用于临时的热键存储
  60          int mode = 1;                                           //模式选择，
  61          int flag_hot_scan = 0;                          //hot_scan函数是否运行标志
  62          u8 time_set_flag=1;                                     //调整的是哪个时间，1：抢答时间；-1：回答时间
  63          u8 score_set_flag=1;                            //调整的是哪种分数，1：初始分值；2：答对加分；3：打错扣分；4：违规扣分
  64          u8 start_flag = 0;                                      //开始抢答标志位，默认没有开始
  65          int time_fight = 3000;                          //抢答时间
  66          int time_answer = 3000;                         //答题时间
  67          int score_initial = 10;                         //初始分值
  68          int score_right = 5;                            //答对加分
  69          int score_wrong = 0;                            //打错扣分
  70          int score_illegal = 3;                          //违规扣分
  71          /*
  72          **********************************************************************
  73          *                         函数原型声明
  74          **********************************************************************
  75          */
  76          void display_time(u16 x, u16 y);
  77          void change_mode();
  78          void display_key(u16 x, u16 y);
  79          void display_hot_key(u16 x, u16 y);
  80          void display_score(void);
  81          
  82          void MODE1();
  83          void MODE2();
  84          void MODE4();
  85          void MODE5();
  86          int set(u16 *object, u16 num);  
  87          void is_it_illegal(u8 start_flag);
  88          
  89          
  90          void delay10ms(void);
  91          
  92          /*********************************************************************
  93          * 函 数 名       : display_time
  94          * 函数功能               : 显示倒计时
  95          * 参数列表       : 无
  96          * 函数输出       : 无
  97          *********************************************************************/
  98          void display_time(u16 x, u16 y)
  99          {
 100   1              str_time[4]=int_str[get_t1()%10];
 101   1              str_time[3]=int_str[get_t1()/10%10];
 102   1              str_time[1]=int_str[get_t1()/100%10];
 103   1              str_time[0]=int_str[get_t1()/1000];
 104   1              Lcd1602ShowStr(x,y,str_time); 
 105   1      }
 106          /*********************************************************************
 107          * 函 数 名       : display_key
 108          * 函数功能               : 显示哪个按键被按下（用于调试展示）
 109          * 参数列表       : 无
 110          * 函数输出       : 无
 111          *********************************************************************/
 112          void display_key(u16 x, u16 y)
 113          {
 114   1              key = control_key_scan();
 115   1              switch(key)
 116   1              {
 117   2                      case 1:Lcd1602ShowStr(x,y,"key1");break;
C51 COMPILER V9.01   MAIN                                                                  03/15/2019 13:35:34 PAGE 3   

 118   2                      case 2:Lcd1602ShowStr(x,y,"key2");break;
 119   2                      case 3:Lcd1602ShowStr(x,y,"key3");break;
 120   2                      case 4:Lcd1602ShowStr(x,y,"key4");break;
 121   2                      default:Lcd1602ShowStr(x,y,"None");break;
 122   2              }        
 123   1      }
 124          
 125          /*********************************************************************
 126          * 函 数 名       : display_hot_key
 127          * 函数功能               : 显示哪个按键被按下（用于调试展示）
 128          * 参数列表       : 无
 129          * 函数输出       : 无
 130          *********************************************************************/
 131          void display_hot_key(u16 x, u16 y)
 132          {
 133   1              Lcd1602ShowStr(x,y,"user ");
 134   1              Lcd1602ShowChar(x+5,y,int_str[hot_key]);
 135   1              Lcd1602ShowStr(x+7,y,"bingo!!");         
 136   1      }
 137          
 138          
 139          /*********************************************************************
 140          * 函 数 名       : display_score
 141          * 函数功能               : 显示哪个按键被按下（用于调试展示）
 142          * 参数列表       : 无
 143          * 函数输出       : 无
 144          *********************************************************************/
 145          void display_score(void)
 146          {
 147   1              u8 x=0,y=0,i=0;
 148   1              for(i=0;i<8;i++){
 149   2      //              Lcd1602ShowChar(x++,y,int_str[i+1]);
 150   2                      Lcd1602ShowStr(x++,y,"[");
 151   2                      Lcd1602ShowChar(x++,y,int_str[score[i]/10]);
 152   2                      Lcd1602ShowChar(x++,y,int_str[score[i]%10]);
 153   2                      Lcd1602ShowStr(x++,y,"]");
 154   2                      if (x>=16){
 155   3                              x=0;
 156   3                              y++;
 157   3                      }
 158   2              }        
 159   1      }
 160          
 161          
 162          /*********************************************************************
 163          * 函 数 名       : change_mode
 164          * 函数功能               : 改变模式
 165          * 参数列表       : 无
 166          * 函数输出       : 无
 167          *********************************************************************/
 168          void change_mode()
 169          {       
 170   1              if (control_key_scan() == 4)
 171   1              {
 172   2                      while(control_key_scan()!=0);
 173   2                      mode++;
 174   2                      if (mode>5){mode=1;}
 175   2                      clear_screen();  //清空屏幕
 176   2                      stop_timer0();   //关闭定时器
 177   2                      if(mode==1)
 178   2                              set_t1(time_fight);      //倒计时归零
 179   2                      else if(mode==2)
C51 COMPILER V9.01   MAIN                                                                  03/15/2019 13:35:34 PAGE 4   

 180   2                              set_t1(time_answer);     //倒计时归零
 181   2                      else if(mode==4)
 182   2                              set_t1(time_fight);      //倒计时归零
 183   2                      flag_hot_scan = 0;       //关闭热键扫描
 184   2                      start_flag=0;            //开始抢答标志位置0，表示未开始抢答
 185   2                              
 186   2              }        
 187   1      }
 188          
 189          
 190          /*********************************************************************
 191          * 函 数 名       : MODE1
 192          * 函数功能               : 抢答模式
 193          * 参数列表       : 无
 194          * 函数输出       : 无
 195          *********************************************************************/
 196          void MODE1()
 197          {
 198   1              Lcd1602ShowStr(0,0,"time:");     //显示倒计时
 199   1              display_time(5,0);
 200   1              Lcd1602ShowStr(11,0,"MODE1");    //显示模式
 201   1              is_it_illegal(start_flag);
 202   1              if (key==1){    //如果开始键被按下
 203   2                      start_timer0();          //开启定时器，开始倒计时
 204   2                      flag_hot_scan = 1;       //开启热键扫描
 205   2                      start_flag=1;            //开始抢答标志位置1，表示开始抢答
 206   2              }
 207   1              if (key==2){    //如果暂停键被按下
 208   2                      stop_timer0();           //关闭定时器，暂停倒计时
 209   2                      flag_hot_scan = 0;       //关闭热键扫描
 210   2                      start_flag=0;            //开始抢答标志位置0，表示未开始抢答
 211   2              }
 212   1              if (key==3){
 213   2                      clear_screen();          //清空屏幕
 214   2              }
 215   1              
 216   1              hot_key_temp = hot_key_scan(flag_hot_scan);
 217   1              if (hot_key_temp){       //如果扫描到热键被按下
 218   2                      while(hot_key_scan(flag_hot_scan)!=0);
 219   2                      start_timer1();  //启动蜂鸣器
 220   2                      hot_key = hot_key_temp;
 221   2                      flag_hot_scan = 0;                               //停止热键扫描
 222   2                      stop_timer0();                                   //停止定时器的倒计时
 223   2                      display_hot_key(1,1);                    //显示抢答成功的用户
 224   2      //              beep_flag=1;                                     //蜂鸣器触发
 225   2      //              beep_ring();
 226   2              }
 227   1              if (get_t1()==0){
 228   2                      flag_hot_scan = 0;       //关闭热键扫描
 229   2                      Lcd1602ShowStr(2,1,"--Time Out--");        //显示时间到了
 230   2      //              beep_ring();
 231   2                      start_timer1();  //启动蜂鸣器
 232   2              }
 233   1      }
 234          
 235          
 236          /*********************************************************************
 237          * 函 数 名       : MODE2
 238          * 函数功能               : 答题模式
 239          * 参数列表       : 无
 240          * 函数输出       : 无
 241          *********************************************************************/
C51 COMPILER V9.01   MAIN                                                                  03/15/2019 13:35:34 PAGE 5   

 242          void MODE2()
 243          {
 244   1              Lcd1602ShowStr(0,0,"time:");     //显示倒计时
 245   1              display_time(5,0);
 246   1              Lcd1602ShowStr(11,0,"MODE2");    //显示模式
 247   1              if (key==1){    //如果开始键被按下
 248   2                      start_timer0();          //开启定时器，开始倒计时
 249   2              }
 250   1              if (key==2){    //如果答错键被按下
 251   2                      while(control_key_scan()!=0);   //等待按键抬起
 252   2                      stop_timer0();           //关闭定时器，暂停倒计时
 253   2                      score[hot_key-1] -= score_wrong;
 254   2                      Lcd1602ShowStr(0,1,"Your Are Wrong!");
 255   2              }
 256   1              if (key==3){    //如果答对键被按下
 257   2                      while(control_key_scan()!=0);   //等待按键抬起
 258   2                      stop_timer0();           //关闭定时器，暂停倒计时
 259   2                      score[hot_key-1] += score_right;          //答对人的分数加5
 260   2                      Lcd1602ShowStr(0,1,"Your Are Right!");
 261   2                      start_timer1();  //启动蜂鸣器
 262   2              }
 263   1              if (get_t1()==0){
 264   2                      Lcd1602ShowStr(2,1,"--Time Out--");        //显示时间到了
 265   2      //              beep_ring();
 266   2                      score[hot_key-1] -= score_wrong;
 267   2                      start_timer1();  //启动蜂鸣器
 268   2              }
 269   1      }
 270          
 271          
 272          /*********************************************************************
 273          * 函 数 名       : MODE4
 274          * 函数功能               : 时间设置模式
 275          * 参数列表       : 无
 276          * 函数输出       : 无
 277          *********************************************************************/
 278          void MODE4()
 279          {
 280   1              Lcd1602ShowStr(3,0,"Time Set");
 281   1              if(time_set_flag==1){
 282   2                      set_t1(time_fight);
 283   2                      Lcd1602ShowStr(0,1,"Fight  Time");
 284   2              }
 285   1              else{
 286   2                      set_t1(time_answer);
 287   2                      Lcd1602ShowStr(0,1,"Answer Time");
 288   2              }
 289   1              if(key == 3){                                                           //key3切换调整模式
 290   2                      while(control_key_scan()!=0);
 291   2                      time_set_flag = -time_set_flag;
 292   2              }
 293   1              else if(key == 1){                                                      //key1用来增加时间
 294   2                      while(control_key_scan()!=0);
 295   2                      if(time_set_flag==1){
 296   3                              time_fight += 100;
 297   3                              set_t1(time_fight);     
 298   3                      }
 299   2                      else{
 300   3                              time_answer += 100;
 301   3                              set_t1(time_answer);    
 302   3                      }
 303   2              }
C51 COMPILER V9.01   MAIN                                                                  03/15/2019 13:35:34 PAGE 6   

 304   1              else if(key == 2){                                                 //key2用来减少时间
 305   2                      while(control_key_scan()!=0);
 306   2                      if(time_set_flag==1){
 307   3                              if(time_fight>0){
 308   4                                      time_fight -= 100;
 309   4                                      set_t1(time_fight);
 310   4                              }       
 311   3                      }
 312   2                      else{
 313   3                              if(time_answer>0){
 314   4                                      time_answer -= 100;
 315   4                                      set_t1(time_answer);
 316   4                              }       
 317   3                      }       
 318   2              }
 319   1              display_time(11,1);
 320   1      }
 321          
 322          
 323          /*********************************************************************
 324          * 函 数 名       : MODE5
 325          * 函数功能               : 加减分设置模式
 326          * 参数列表       : 无
 327          * 函数输出       : 无
 328          *********************************************************************/
 329          void MODE5()
 330          {
 331   1      /*
 332   1      u8 score_set_flag=1;                            //调整的是哪种分数，1：初始分值；2：答对加分；3：打错扣分；4：违规扣分
 333   1      int score_initial = 10;                         //初始分值
 334   1      int score_right = 5;                            //答对加分
 335   1      int score_wrong = 0;                            //打错扣分
 336   1      int score_illegal = 3;                          //违规扣分
 337   1      */
 338   1              Lcd1602ShowStr(3,0,"Score Set");
 339   1              if (key==3){
 340   2                      while(control_key_scan()!=0);
 341   2                      score_set_flag++;
 342   2                      if (score_set_flag>4){
 343   3                              score_set_flag=1;
 344   3                      }
 345   2              }
 346   1              switch(score_set_flag){
 347   2                      case 1:{//初始分值
 348   3                              Lcd1602ShowStr(0,1,"initial: ");
 349   3                              if(set(&score_initial, 1)){
*** WARNING C182 IN LINE 349 OF MAIN.C: pointer to different objects
 350   4                                      score[0]=score_initial;
 351   4                                      score[1]=score_initial;
 352   4                                      score[2]=score_initial;
 353   4                                      score[3]=score_initial;
 354   4                                      score[4]=score_initial;
 355   4                                      score[5]=score_initial;
 356   4                                      score[6]=score_initial;
 357   4                                      score[7]=score_initial;
 358   4                              }
 359   3                              Lcd1602ShowChar(10,1,int_str[score_initial/10]);
 360   3                              Lcd1602ShowChar(11,1,int_str[score_initial%10]);
 361   3                              break;  
 362   3                      }
 363   2                      case 2:{//答对加分
 364   3                              Lcd1602ShowStr(0,1,"right: ");
C51 COMPILER V9.01   MAIN                                                                  03/15/2019 13:35:34 PAGE 7   

 365   3                              set(&score_right, 1);
*** WARNING C182 IN LINE 365 OF MAIN.C: pointer to different objects
 366   3                              Lcd1602ShowChar(10,1,int_str[score_right/10]);
 367   3                              Lcd1602ShowChar(11,1,int_str[score_right%10]);
 368   3                              break;  
 369   3                      }
 370   2                      case 3:{//打错扣分
 371   3                              Lcd1602ShowStr(0,1,"wrong: ");
 372   3                              set(&score_wrong, 1);
*** WARNING C182 IN LINE 372 OF MAIN.C: pointer to different objects
 373   3                              Lcd1602ShowChar(10,1,int_str[score_wrong/10]);
 374   3                              Lcd1602ShowChar(11,1,int_str[score_wrong%10]);
 375   3                              break;  
 376   3                      }
 377   2                      case 4:{//违规扣分
 378   3                              Lcd1602ShowStr(0,1,"illegal: ");
 379   3                              set(&score_illegal, 1);
*** WARNING C182 IN LINE 379 OF MAIN.C: pointer to different objects
 380   3                              Lcd1602ShowChar(10,1,int_str[score_illegal/10]);
 381   3                              Lcd1602ShowChar(11,1,int_str[score_illegal%10]);
 382   3                              break;  
 383   3                      }
 384   2                      default:break;
 385   2              }
 386   1      }
 387          
 388          /*********************************************************************
 389          * 函 数 名       : set
 390          * 函数功能               : 设置模式
 391          * 参数列表       : 要加减的参数的地址; 增量
 392          * 函数输出       : 返回更改后的值
 393          *********************************************************************/
 394          int set(u16 *object, u16 num)
 395          {
 396   1              if(key == 1){                                                   //key1用来增
 397   2                      while(control_key_scan()!=0);
 398   2                      *object += num;
 399   2                      return 1;
 400   2              }
 401   1              else if(key == 2){                                                 //key2用来减
 402   2                      while(control_key_scan()!=0);
 403   2                      if ((*object)>=0){
 404   3                              *object -= num;
 405   3                              return 1;
 406   3                      }       
 407   2              }
 408   1              return 0;
 409   1      }                                          
 410          
 411          /*********************************************************************
 412          * 函 数 名       : is_it_illegal
 413          * 函数功能               : 判定是否违规
 414          * 参数列表       : start_flag: 是否开始答题的标志
 415          * 函数输出       : 无
 416          *********************************************************************/
 417          void is_it_illegal(u8 start_flag)
 418          {
 419   1              if (start_flag==0){
 420   2                      hot_key_temp=hot_key_scan(1);
 421   2                      if (hot_key_temp){
 422   3                              while(hot_key_scan(1)!=0);
 423   3                              Lcd1602ShowStr(1,1,"user ");
C51 COMPILER V9.01   MAIN                                                                  03/15/2019 13:35:34 PAGE 8   

 424   3                              Lcd1602ShowChar(6,1,int_str[hot_key_temp]);
 425   3                              Lcd1602ShowStr(8,1,"illegal");
 426   3                              stop_timer0();           //关闭定时器，暂停倒计时
 427   3                              flag_hot_scan = 0;       //关闭热键扫描
 428   3                              start_flag=0;            //开始抢答标志位置0，表示未开始抢答
 429   3                              start_timer1();          //启动蜂鸣器
 430   3                              score[hot_key_temp-1] -= score_illegal;   //提前抢答的人的分数减1
 431   3                      }
 432   2              }
 433   1      }
 434          
 435          
 436          
 437          /*********************************************************************
 438          * 函 数 名       : main
 439          * 函数功能               : 主函数
 440          * 参数列表       : 无
 441          * 函数输出       : 无
 442          *********************************************************************/
 443          void main(void)
 444          {
 445   1              Lcd1602Init();
 446   1              Timer0Init();
 447   1              Timer1Init();
 448   1              while(1){
 449   2                      change_mode();
 450   2                      key = control_key_scan();
 451   2                      
 452   2                      switch(mode){                   //模式查验
 453   3                              case 1:{                        //如果是模式1的话
 454   4                                      MODE1();         
 455   4                                      break;
 456   4                              }
 457   3                              case 2:{
 458   4                                      MODE2();
 459   4                                      break;
 460   4                              }
 461   3                              case 3:{
 462   4                                      display_score();                                         //显示分数
 463   4                                      break;
 464   4                              }
 465   3                              case 4:{
 466   4                                      MODE4();                                         
 467   4                                      break;
 468   4                              }
 469   3                              case 5:{
 470   4                                      MODE5();
 471   4                                      break;
 472   4                              }
 473   3                      }
 474   2              }
 475   1      }
 476          
 477          
 478          
 479          
 480          
 481          
 482          
 483          
 484          
 485          
C51 COMPILER V9.01   MAIN                                                                  03/15/2019 13:35:34 PAGE 9   



MODULE INFORMATION:   STATIC OVERLAYABLE
   CODE SIZE        =   1674    ----
   CONSTANT SIZE    =    193    ----
   XDATA SIZE       =   ----    ----
   PDATA SIZE       =   ----    ----
   DATA SIZE        =     56      21
   IDATA SIZE       =   ----    ----
   BIT SIZE         =   ----    ----
END OF MODULE INFORMATION.


C51 COMPILATION COMPLETE.  4 WARNING(S),  0 ERROR(S)
