C51 COMPILER V9.54   COUNTDOWN                                                             03/08/2019 20:35:34 PAGE 1   


C51 COMPILER V9.54, COMPILATION OF MODULE COUNTDOWN
OBJECT MODULE PLACED IN .\Objects\countdown.obj
COMPILER INVOKED BY: E:\keil uVision4\C51\BIN\C51.EXE countdown.c OPTIMIZE(8,SPEED) BROWSE DEBUG OBJECTEXTEND PRINT(.\Li
                    -stings\countdown.lst) OBJECT(.\Objects\countdown.obj)

line level    source

   1          #include <reg52.h>
   2          #define uchar unsigned char
   3          #define uint unsigned int
   4          sbit beep=P1^5;
   5          
   6          void timer1(void)  interrupt 3     //???1????????????(?1s)
   7          {
   8   1      TH1=(65536-2000)/256;    //???T1?8????
   9   1      TL1=(65536-2000)%256;   //???T1?8????
  10   1      beep=~beep;
  11   1      t1++;
*** ERROR C202 IN LINE 11 OF countdown.c: 't1': undefined identifier
  12   1      if(t1==500)
*** ERROR C202 IN LINE 12 OF countdown.c: 't1': undefined identifier
  13   1      {  
  14   2      t1=0;
*** ERROR C202 IN LINE 14 OF countdown.c: 't1': undefined identifier
  15   2         TR1=0;}}
  16          char bb[]="0123456789";
  17          void main()
  18          {
  19   1         P0=bb[s/10];   //µ¹¼ÆÊ±
*** ERROR C202 IN LINE 19 OF countdown.c: 's': undefined identifier
  20   1                      P2=tablewe[2];
*** ERROR C202 IN LINE 20 OF countdown.c: 'tablewe': undefined identifier
  21   1                      delay(2);
  22   1                      P0=0;
  23   1                      P2=0XFF;
  24   1                      P0=tabledu[s%10];
  25   1                      P2=tablewe[3];
  26   1                      delay(2);
  27   1                      P2=0XFF;
  28   1                      P0=0;
  29   1      }

C51 COMPILATION COMPLETE.  0 WARNING(S),  5 ERROR(S)
