C51 COMPILER V9.54   MAIN1                                                                 03/03/2019 16:35:20 PAGE 1   


C51 COMPILER V9.54, COMPILATION OF MODULE MAIN1
OBJECT MODULE PLACED IN .\Objects\main1.obj
COMPILER INVOKED BY: E:\keil uVision4\C51\BIN\C51.EXE main1.c OPTIMIZE(8,SPEED) BROWSE DEBUG OBJECTEXTEND PRINT(.\Listin
                    -gs\main1.lst) OBJECT(.\Objects\main1.obj)

line level    source

   1          #include <reg52.h>
   2          
   3          void main(){
   4   1              P2 = 0xe2;
   5   1              P0 = 0x06;
   6   1      }


MODULE INFORMATION:   STATIC OVERLAYABLE
   CODE SIZE        =      7    ----
   CONSTANT SIZE    =   ----    ----
   XDATA SIZE       =   ----    ----
   PDATA SIZE       =   ----    ----
   DATA SIZE        =   ----    ----
   IDATA SIZE       =   ----    ----
   BIT SIZE         =   ----    ----
END OF MODULE INFORMATION.


C51 COMPILATION COMPLETE.  0 WARNING(S),  0 ERROR(S)
